mode: set
google-search/service/builder/response-builder.go:6.54,11.2 2 1
google-search/service/google-search-results.go:23.105,25.16 2 0
google-search/service/google-search-results.go:25.16,28.3 2 0
google-search/service/google-search-results.go:30.2,31.16 2 0
google-search/service/google-search-results.go:31.16,34.3 2 0
google-search/service/google-search-results.go:36.2,37.62 2 0
google-search/service/google-search-results.go:40.160,46.27 2 0
google-search/service/google-search-results.go:46.27,49.3 2 0
google-search/service/google-search-results.go:51.2,51.42 1 0
google-search/service/google-search-results.go:51.42,54.3 1 0
google-search/service/google-search-results.go:54.8,56.3 1 0
google-search/service/google-search-results.go:58.2,58.31 1 0
google-search/service/google-search-results.go:58.31,60.3 1 0
google-search/service/google-search-results.go:63.2,64.16 2 0
google-search/service/google-search-results.go:64.16,66.3 1 0
google-search/service/google-search-results.go:68.2,68.52 1 0
google-search/service/google-search-results.go:68.52,72.3 3 0
google-search/service/google-search-results.go:74.2,75.27 2 0
google-search/service/google-search-results.go:78.109,84.66 2 0
google-search/service/google-search-results.go:84.66,90.3 2 0
google-search/service/google-search-results.go:92.2,95.3 1 0
google-search/service/google-search-results.go:98.80,103.2 1 0
google-search/service/writer/response-writer.go:14.80,19.2 4 1
google-search/service/providers/googlesearch/google-client.go:36.107,44.16 3 1
google-search/service/providers/googlesearch/google-client.go:44.16,47.3 2 1
google-search/service/providers/googlesearch/google-client.go:50.2,50.24 1 1
google-search/service/providers/googlesearch/google-client.go:50.24,53.17 3 1
google-search/service/providers/googlesearch/google-client.go:53.17,55.4 1 0
google-search/service/providers/googlesearch/google-client.go:56.3,56.17 1 1
google-search/service/providers/googlesearch/google-client.go:59.2,59.62 1 0
google-search/service/providers/googlesearch/google-client.go:62.66,76.2 8 1
google-search/service/providers/googlesearch/google-client_mock.go:14.70,21.2 4 1
google-search/service/validator/request-validator.go:11.90,14.53 2 1
google-search/service/validator/request-validator.go:14.53,17.3 1 1
google-search/service/validator/request-validator.go:18.2,18.25 1 1
